Arguments: 
  C:\Program Files\nodejs\node.exe C:\Program Files (x86)\Yarn\bin\yarn.js init

PATH: 
  C:\cmder\bin;C:\cmder\vendor\bin;C:\Windows\system32;C:\Windows;C:\Windows\System32\Wbem;C:\Windows\System32\WindowsPowerShell\v1.0\;C:\Windows\System32\OpenSSH\;C:\Program Files (x86)\Brackets\command;C:\Program Files\Git\cmd;C:\Program Files\nodejs\;C:\Program Files\Oracle\VirtualBox;C:\Program Files (x86)\Yarn\bin\;C:\Users\samnite\AppData\Local\Microsoft\WindowsApps;C:\Users\samnite\AppData\Local\Programs\Microsoft VS Code\bin;C:\Users\samnite\AppData\Roaming\npm;C:\Program Files\JetBrains\WebStorm 2019.2\bin;C:\Users\samnite\AppData\Local\Yarn\bin;C:\Program Files\heroku\bin;C:\Program Files\Git\cmd;C:\Program Files\Git\mingw64\bin;C:\Program Files\Git\usr\bin;C:\cmder

Yarn version: 
  1.19.0

Node version: 
  10.15.3

Platform: 
  win32 x64

Trace: 
  Error: canceled
      at Interface.<anonymous> (C:\Program Files (x86)\Yarn\lib\cli.js:136799:13)
      at Interface.emit (events.js:189:13)
      at Interface._ttyWrite (readline.js:783:16)
      at ReadStream.onkeypress (readline.js:168:10)
      at ReadStream.emit (events.js:189:13)
      at emitKeys (internal/readline.js:424:14)
      at emitKeys.next (<anonymous>)
      at ReadStream.onData (readline.js:1022:36)
      at ReadStream.emit (events.js:189:13)
      at addChunk (_stream_readable.js:284:12)

npm manifest: 
  No manifest

yarn manifest: 
  No manifest

Lockfile: 
  No lockfile
